Partition Merge report for processor
Tue Nov 03 15:18:17 2015
Quartus II 32-bit Version 11.1 Build 173 11/01/2011 SJ Web Edition


---------------------
; Table of Contents ;
---------------------
  1. Legal Notice
  2. Partition Merge Summary
  3. Partition Merge Netlist Types Used
  4. Partition Merge Partition Statistics
  5. Partition Merge Partition Pin Processing
  6. Partition Merge Resource Usage Summary
  7. Partition Merge Messages



----------------
; Legal Notice ;
----------------
Copyright (C) 1991-2011 Altera Corporation
Your use of Altera Corporation's design tools, logic functions 
and other software and tools, and its AMPP partner logic 
functions, and any output files from any of the foregoing 
(including device programming or simulation files), and any 
associated documentation or information are expressly subject 
to the terms and conditions of the Altera Program License 
Subscription Agreement, Altera MegaCore Function License 
Agreement, or other applicable license agreement, including, 
without limitation, that your use is for the sole purpose of 
programming logic devices manufactured by Altera and sold by 
Altera or its authorized distributors.  Please refer to the 
applicable agreement for further details.



+-------------------------------------------------------------------------------+
; Partition Merge Summary                                                       ;
+------------------------------------+------------------------------------------+
; Partition Merge Status             ; Successful - Tue Nov 03 15:18:17 2015    ;
; Quartus II 32-bit Version          ; 11.1 Build 173 11/01/2011 SJ Web Edition ;
; Revision Name                      ; processor                                ;
; Top-level Entity Name              ; processor                                ;
; Family                             ; Cyclone IV E                             ;
; Total logic elements               ; 0                                        ;
;     Total combinational functions  ; 0                                        ;
;     Dedicated logic registers      ; 0                                        ;
; Total registers                    ; 0                                        ;
; Total pins                         ; 2                                        ;
; Total virtual pins                 ; 0                                        ;
; Total memory bits                  ; 0                                        ;
; Embedded Multiplier 9-bit elements ; 0                                        ;
; Total PLLs                         ; 0                                        ;
+------------------------------------+------------------------------------------+


+-------------------------------------------------------------------------------------------------------------------------------+
; Partition Merge Netlist Types Used                                                                                            ;
+--------------------------------+----------------+-------------------+------------------------+--------------------------------+
; Partition Name                 ; Partition Type ; Netlist Type Used ; Netlist Type Requested ; Partition Contents             ;
+--------------------------------+----------------+-------------------+------------------------+--------------------------------+
; Top                            ; User-created   ; Source File       ; Source File            ;                                ;
; hard_block:auto_generated_inst ; Auto-generated ; Source File       ; Source File            ; hard_block:auto_generated_inst ;
+--------------------------------+----------------+-------------------+------------------------+--------------------------------+


+------------------------------------------------------------------------------------+
; Partition Merge Partition Statistics                                               ;
+---------------------------------------------+-----+--------------------------------+
; Statistic                                   ; Top ; hard_block:auto_generated_inst ;
+---------------------------------------------+-----+--------------------------------+
; Estimated Total logic elements              ; 0   ; 0                              ;
;                                             ;     ;                                ;
; Total combinational functions               ; 0   ; 0                              ;
; Logic element usage by number of LUT inputs ;     ;                                ;
;     -- 4 input functions                    ; 0   ; 0                              ;
;     -- 3 input functions                    ; 0   ; 0                              ;
;     -- <=2 input functions                  ; 0   ; 0                              ;
;                                             ;     ;                                ;
; Logic elements by mode                      ;     ;                                ;
;     -- normal mode                          ; 0   ; 0                              ;
;     -- arithmetic mode                      ; 0   ; 0                              ;
;                                             ;     ;                                ;
; Total registers                             ; 0   ; 0                              ;
;     -- Dedicated logic registers            ; 0   ; 0                              ;
;     -- I/O registers                        ; 0   ; 0                              ;
;                                             ;     ;                                ;
; Virtual pins                                ; 0   ; 0                              ;
; I/O pins                                    ; 2   ; 0                              ;
; Embedded Multiplier 9-bit elements          ; 0   ; 0                              ;
; Total memory bits                           ; 0   ; 0                              ;
; Total RAM block bits                        ; 0   ; 0                              ;
;                                             ;     ;                                ;
; Connections                                 ;     ;                                ;
;     -- Input Connections                    ; 0   ; 0                              ;
;     -- Registered Input Connections         ; 0   ; 0                              ;
;     -- Output Connections                   ; 0   ; 0                              ;
;     -- Registered Output Connections        ; 0   ; 0                              ;
;                                             ;     ;                                ;
; Internal Connections                        ;     ;                                ;
;     -- Total Connections                    ; 2   ; 0                              ;
;     -- Registered Connections               ; 0   ; 0                              ;
;                                             ;     ;                                ;
; External Connections                        ;     ;                                ;
;     -- Top                                  ; 0   ; 0                              ;
;     -- hard_block:auto_generated_inst       ; 0   ; 0                              ;
;                                             ;     ;                                ;
; Partition Interface                         ;     ;                                ;
;     -- Input Ports                          ; 2   ; 0                              ;
;     -- Output Ports                         ; 0   ; 0                              ;
;     -- Bidir Ports                          ; 0   ; 0                              ;
;                                             ;     ;                                ;
; Registered Ports                            ;     ;                                ;
;     -- Registered Input Ports               ; 0   ; 0                              ;
;     -- Registered Output Ports              ; 0   ; 0                              ;
;                                             ;     ;                                ;
; Port Connectivity                           ;     ;                                ;
;     -- Input Ports driven by GND            ; 0   ; 0                              ;
;     -- Output Ports driven by GND           ; 0   ; 0                              ;
;     -- Input Ports driven by VCC            ; 0   ; 0                              ;
;     -- Output Ports driven by VCC           ; 0   ; 0                              ;
;     -- Input Ports with no Source           ; 0   ; 0                              ;
;     -- Output Ports with no Source          ; 0   ; 0                              ;
;     -- Input Ports with no Fanout           ; 0   ; 0                              ;
;     -- Output Ports with no Fanout          ; 0   ; 0                              ;
+---------------------------------------------+-----+--------------------------------+
Note: Resource usage numbers presented for Partitions containing post-synthesis logic are estimates.  For Partitions containing post-fit logic, resource usage numbers are accurate based on previous placement information.  Actual Fitter results may vary depending on current Fitter Preservation Level assignments.


+----------------------------------------------------------------------------+
; Partition Merge Partition Pin Processing                                   ;
+------------------------+-----------+--------------+----------+-------------+
; Name                   ; Partition ; Type         ; Location ; Status      ;
+------------------------+-----------+--------------+----------+-------------+
; clk                    ; Top       ; Input Port   ; n/a      ;             ;
;     -- clk             ; Top       ; Input Pad    ; Unplaced ; Synthesized ;
;     -- clk~input       ; Top       ; Input Buffer ; Unplaced ; Synthesized ;
;                        ;           ;              ;          ;             ;
; reset_pin              ; Top       ; Input Port   ; n/a      ;             ;
;     -- reset_pin       ; Top       ; Input Pad    ; Unplaced ; Synthesized ;
;     -- reset_pin~input ; Top       ; Input Buffer ; Unplaced ; Synthesized ;
;                        ;           ;              ;          ;             ;
+------------------------+-----------+--------------+----------+-------------+


+---------------------------------------------------------+
; Partition Merge Resource Usage Summary                  ;
+---------------------------------------------+-----------+
; Resource                                    ; Usage     ;
+---------------------------------------------+-----------+
;                                             ;           ;
; Total combinational functions               ; 0         ;
; Logic element usage by number of LUT inputs ;           ;
;     -- 4 input functions                    ; 0         ;
;     -- 3 input functions                    ; 0         ;
;     -- <=2 input functions                  ; 0         ;
;                                             ;           ;
; Logic elements by mode                      ;           ;
;     -- normal mode                          ; 0         ;
;     -- arithmetic mode                      ; 0         ;
;                                             ;           ;
; Total registers                             ; 0         ;
;     -- Dedicated logic registers            ; 0         ;
;     -- I/O registers                        ; 0         ;
;                                             ;           ;
; I/O pins                                    ; 2         ;
; Maximum fan-out node                        ; reset_pin ;
; Maximum fan-out                             ; 1         ;
; Total fan-out                               ; 2         ;
; Average fan-out                             ; 0.50      ;
+---------------------------------------------+-----------+


+--------------------------+
; Partition Merge Messages ;
+--------------------------+
Info: *******************************************************************
Info: Running Quartus II 32-bit Partition Merge
    Info: Version 11.1 Build 173 11/01/2011 SJ Web Edition
    Info: Processing started: Tue Nov 03 15:18:17 2015
Info: Command: quartus_cdb --read_settings_files=off --write_settings_files=off processor -c processor --merge=on
Critical Warning (138067): Current license file does not support incremental compilation. The Quartus II software removes all the user-specified design partitions in the design automatically.
Info (35007): Using synthesis netlist for partition "Top"
Info (35002): Resolved and merged 1 partition(s)
Info (16010): Generating hard_block partition "hard_block:auto_generated_inst"
Warning (21074): Design contains 2 input pin(s) that do not drive logic
    Warning (15610): No output dependent on input pin "reset_pin"
    Warning (15610): No output dependent on input pin "clk"
Info (21057): Implemented 2 device resources after synthesis - the final resource count might be different
    Info (21058): Implemented 2 input pins
    Info (21059): Implemented 0 output pins
Info: Quartus II 32-bit Partition Merge was successful. 0 errors, 4 warnings
    Info: Peak virtual memory: 299 megabytes
    Info: Processing ended: Tue Nov 03 15:18:17 2015
    Info: Elapsed time: 00:00:00
    Info: Total CPU time (on all processors): 00:00:01


